<?xml version="1.0" encoding="UTF-8"?>
<!-- Generated by org.testng.reporters.JUnitXMLReporter -->
<testsuite hostname="LAPTOP-012R5GOL" name="Test" tests="5" failures="1" timestamp="29 Jun 2020 09:00:15 GMT" time="91.34" errors="0">
  <testcase name="test1" time="25.556" classname="org.test.Execution"/>
  <testcase name="test2" time="2.102" classname="org.test.Execution"/>
  <testcase name="test3" time="21.618" classname="org.test.Execution"/>
  <testcase name="test4" time="2.193" classname="org.test.Execution"/>
  <testcase name="test5" time="38.341" classname="org.test.Execution">
    <failure type="org.openqa.selenium.ElementClickInterceptedException" message="element click intercepted: Element &amp;lt;a href=&amp;quot;/au/buy/kogan-smarterhome-motion-object-tracking-pan-tilt-smart-camera/&amp;quot; itemprop=&amp;quot;url&amp;quot; title=&amp;quot;...&amp;quot;&amp;gt;Kogan SmarterHome™ Motion &amp;amp;amp; Object Tracking Pan &amp;amp;amp; Tilt Smart Camera&amp;lt;/a&amp;gt; is not clickable at point (439, 604). Other element would receive the click: &amp;lt;div class=&amp;quot;footer-kespa&amp;quot; style=&amp;quot;padding-bottom:76px; background-image: url(&amp;apos;https://assets.kogan.com/files/banners/June-2020/AU-EOFY-FS-Midnight_Tomorrow_FOOTER.png?auto=webp&amp;amp;amp;quality=90&amp;amp;amp;width=1225&amp;apos;) !important;&amp;quot;&amp;gt;...&amp;lt;/div&amp;gt;
  (Session info: chrome=83.0.4103.116)
Build info: version: &amp;apos;3.141.59&amp;apos;, revision: &amp;apos;e82be7d358&amp;apos;, time: &amp;apos;2018-11-14T08:17:03&amp;apos;
System info: host: &amp;apos;LAPTOP-012R5GOL&amp;apos;, ip: &amp;apos;192.168.225.148&amp;apos;, os.name: &amp;apos;Windows 10&amp;apos;, os.arch: &amp;apos;amd64&amp;apos;, os.version: &amp;apos;10.0&amp;apos;, java.version: &amp;apos;1.8.0_121&amp;apos;
Driver info: org.openqa.selenium.chrome.ChromeDriver
Capabilities {acceptInsecureCerts: false, browserName: chrome, browserVersion: 83.0.4103.116, chrome: {chromedriverVersion: 83.0.4103.39 (ccbf011cb2d2b..., userDataDir: C:\Users\Anand\AppData\Loca...}, goog:chromeOptions: {debuggerAddress: localhost:51263}, javascriptEnabled: true, networkConnectionEnabled: false, pageLoadStrategy: normal, platform: WINDOWS, platformName: WINDOWS, proxy: Proxy(), setWindowRect: true, strictFileInteractability: false, timeouts: {implicit: 0, pageLoad: 300000, script: 30000}, unhandledPromptBehavior: dismiss and notify, webauthn:virtualAuthenticators: true}
Session ID: a622d2a5410f749a58e1e36beb068e88">
      <![CDATA[org.openqa.selenium.ElementClickInterceptedException: element click intercepted: Element <a href="/au/buy/kogan-smarterhome-motion-object-tracking-pan-tilt-smart-camera/" itemprop="url" title="...">Kogan SmarterHome™ Motion &amp; Object Tracking Pan &amp; Tilt Smart Camera</a> is not clickable at point (439, 604). Other element would receive the click: <div class="footer-kespa" style="padding-bottom:76px; background-image: url('https://assets.kogan.com/files/banners/June-2020/AU-EOFY-FS-Midnight_Tomorrow_FOOTER.png?auto=webp&amp;quality=90&amp;width=1225') !important;">...</div>
  (Session info: chrome=83.0.4103.116)
Build info: version: '3.141.59', revision: 'e82be7d358', time: '2018-11-14T08:17:03'
System info: host: 'LAPTOP-012R5GOL', ip: '192.168.225.148', os.name: 'Windows 10', os.arch: 'amd64', os.version: '10.0', java.version: '1.8.0_121'
Driver info: org.openqa.selenium.chrome.ChromeDriver
Capabilities {acceptInsecureCerts: false, browserName: chrome, browserVersion: 83.0.4103.116, chrome: {chromedriverVersion: 83.0.4103.39 (ccbf011cb2d2b..., userDataDir: C:\Users\Anand\AppData\Loca...}, goog:chromeOptions: {debuggerAddress: localhost:51263}, javascriptEnabled: true, networkConnectionEnabled: false, pageLoadStrategy: normal, platform: WINDOWS, platformName: WINDOWS, proxy: Proxy(), setWindowRect: true, strictFileInteractability: false, timeouts: {implicit: 0, pageLoad: 300000, script: 30000}, unhandledPromptBehavior: dismiss and notify, webauthn:virtualAuthenticators: true}
Session ID: a622d2a5410f749a58e1e36beb068e88
	at org.openqa.selenium.remote.http.W3CHttpResponseCodec.createException(W3CHttpResponseCodec.java:187)
	at org.openqa.selenium.remote.http.W3CHttpResponseCodec.decode(W3CHttpResponseCodec.java:122)
	at org.openqa.selenium.remote.http.W3CHttpResponseCodec.decode(W3CHttpResponseCodec.java:49)
	at org.openqa.selenium.remote.HttpCommandExecutor.execute(HttpCommandExecutor.java:158)
	at org.openqa.selenium.remote.service.DriverCommandExecutor.execute(DriverCommandExecutor.java:83)
	at org.openqa.selenium.remote.RemoteWebDriver.execute(RemoteWebDriver.java:552)
	at org.openqa.selenium.remote.RemoteWebElement.execute(RemoteWebElement.java:285)
	at org.openqa.selenium.remote.RemoteWebElement.click(RemoteWebElement.java:84)
	at org.test.Execution.test5(Execution.java:108)
... Removed 28 stack frames]]>
    </failure>
  </testcase> <!-- test5 -->
</testsuite> <!-- Test -->
